Starting API Tests...

============================================================
Testing /health endpoint
============================================================
Status Code: 200
Response: {
  "jobs_loaded": 761,
  "model": "tazarov/all-minilm-l6-v2-f32:latest",
  "status": "healthy"
}
Traceback (most recent call last):
  File "C:\Users\ritik\SihWithModel\SIHFinals\SIHProject\test_api.py", line 24, in test_health
    print("\u2713 Health check passed!")
  File "C:\Users\ritik\AppData\Local\Programs\Python\Python39\lib\encodings\cp1252.py", line 19, in encode
    return codecs.charmap_encode(input,self.errors,encoding_table)[0]
UnicodeEncodeError: 'charmap' codec can't encode character '\u2713' in position 0: character maps to <undefined>

During handling of the above exception, another exception occurred:

Traceback (most recent call last):
  File "C:\Users\ritik\SihWithModel\SIHFinals\SIHProject\test_api.py", line 133, in <module>
    if not test_health():
  File "C:\Users\ritik\SihWithModel\SIHFinals\SIHProject\test_api.py", line 30, in test_health
    print(f"\u2717 Error: {e}")
  File "C:\Users\ritik\AppData\Local\Programs\Python\Python39\lib\encodings\cp1252.py", line 19, in encode
    return codecs.charmap_encode(input,self.errors,encoding_table)[0]
UnicodeEncodeError: 'charmap' codec can't encode character '\u2717' in position 0: character maps to <undefined>
